  FishArea.cpp
E:\Informatica\GitHubRepos\BUas-Intake\Buas-Intake\FishArea.cpp(26,90): warning C4244: 'argomento': conversione da 'float' a 'int'. Possibile perdita di dati.
E:\Informatica\GitHubRepos\BUas-Intake\Buas-Intake\FishArea.cpp(26,52): warning C4244: 'argomento': conversione da 'float' a 'int'. Possibile perdita di dati.
  InteractableObject.cpp
E:\Informatica\GitHubRepos\BUas-Intake\Buas-Intake\InteractableObject.cpp(63,11): warning C4244: 'inizializzazione': conversione da 'float' a 'int'. Possibile perdita di dati.
E:\Informatica\GitHubRepos\BUas-Intake\Buas-Intake\InteractableObject.cpp(68,12): warning C4244: 'inizializzazione': conversione da 'float' a 'int'. Possibile perdita di dati.
  MapHandler.cpp
E:\Informatica\GitHubRepos\BUas-Intake\Buas-Intake\MapHandler.cpp(33,41): warning C4244: 'argomento': conversione da 'int' a 'float'. Possibile perdita di dati.
E:\Informatica\GitHubRepos\BUas-Intake\Buas-Intake\MapHandler.cpp(33,21): warning C4244: 'argomento': conversione da 'int' a 'float'. Possibile perdita di dati.
E:\Informatica\GitHubRepos\BUas-Intake\Buas-Intake\MapHandler.cpp(34,42): warning C4244: 'argomento': conversione da 'int' a 'float'. Possibile perdita di dati.
E:\Informatica\GitHubRepos\BUas-Intake\Buas-Intake\MapHandler.cpp(34,22): warning C4244: 'argomento': conversione da 'int' a 'float'. Possibile perdita di dati.
E:\Informatica\GitHubRepos\BUas-Intake\Buas-Intake\MapHandler.cpp(87,10): warning C4244: 'inizializzazione': conversione da 'float' a 'int'. Possibile perdita di dati.
E:\Informatica\GitHubRepos\BUas-Intake\Buas-Intake\MapHandler.cpp(88,10): warning C4244: 'inizializzazione': conversione da 'float' a 'int'. Possibile perdita di dati.
E:\Informatica\GitHubRepos\BUas-Intake\Buas-Intake\MapHandler.cpp(89,11): warning C4244: 'inizializzazione': conversione da 'float' a 'int'. Possibile perdita di dati.
E:\Informatica\GitHubRepos\BUas-Intake\Buas-Intake\MapHandler.cpp(90,11): warning C4244: 'inizializzazione': conversione da 'float' a 'int'. Possibile perdita di dati.
E:\Informatica\GitHubRepos\BUas-Intake\Buas-Intake\MapHandler.cpp(91,10): warning C4244: 'inizializzazione': conversione da 'float' a 'int'. Possibile perdita di dati.
E:\Informatica\GitHubRepos\BUas-Intake\Buas-Intake\MapHandler.cpp(92,10): warning C4244: 'inizializzazione': conversione da 'float' a 'int'. Possibile perdita di dati.
E:\Informatica\GitHubRepos\BUas-Intake\Buas-Intake\MapHandler.cpp(93,11): warning C4244: 'inizializzazione': conversione da 'float' a 'int'. Possibile perdita di dati.
E:\Informatica\GitHubRepos\BUas-Intake\Buas-Intake\MapHandler.cpp(94,11): warning C4244: 'inizializzazione': conversione da 'float' a 'int'. Possibile perdita di dati.
  game.cpp
E:\Informatica\GitHubRepos\BUas-Intake\Buas-Intake\game.cpp(41,31): warning C4267: '=': conversione da 'size_t' a 'int'. Possibile perdita di dati.
E:\Informatica\GitHubRepos\BUas-Intake\Buas-Intake\game.cpp(42,26): warning C4244: '=': conversione da 'double' a 'int'. Possibile perdita di dati.
E:\Informatica\GitHubRepos\BUas-Intake\Buas-Intake\game.cpp(43,44): warning C4244: 'argomento': conversione da 'int' a 'float'. Possibile perdita di dati.
E:\Informatica\GitHubRepos\BUas-Intake\Buas-Intake\game.cpp(43,32): warning C4244: 'argomento': conversione da 'int' a 'float'. Possibile perdita di dati.
E:\Informatica\GitHubRepos\BUas-Intake\Buas-Intake\game.cpp(90,12): warning C4244: 'inizializzazione': conversione da 'float' a 'int'. Possibile perdita di dati.
E:\Informatica\GitHubRepos\BUas-Intake\Buas-Intake\game.cpp(91,12): warning C4244: 'inizializzazione': conversione da 'float' a 'int'. Possibile perdita di dati.
  Generazione del codice in corso...
  Buas-Intake.vcxproj -> E:\Informatica\GitHubRepos\BUas-Intake\Buas-Intake\Buas-Intake_x64_debug.exe
